This file contains any messages produced by compilers while
running configure, to aid debugging if configure makes a mistake.

It was created by libpng configure 1.6.37, which was
generated by GNU Autoconf 2.69.  Invocation command line was

  $ /home/macrodrigues/code/macrodrigues/my_projects/butterfly_detector/app/.buildozer/android/platform/build-armeabi-v7a/build/other_builds/png/armeabi-v7a__ndk_target_21/png/configure --build=x86_64-linux-gnu --host=arm-linux-androideabi --target=arm-linux-androideabi --disable-static --enable-shared --prefix=/home/macrodrigues/code/macrodrigues/my_projects/butterfly_detector/app/.buildozer/android/platform/build-armeabi-v7a/build/other_builds/png/armeabi-v7a__ndk_target_21/png/install

## --------- ##
## Platform. ##
## --------- ##

hostname = Marco
uname -m = x86_64
uname -r = 5.10.16.3-microsoft-standard-WSL2
uname -s = Linux
uname -v = #1 SMP Fri Apr 2 22:23:49 UTC 2021

/usr/bin/uname -p = x86_64
/bin/uname -X     = unknown

/bin/arch              = x86_64
/usr/bin/arch -k       = unknown
/usr/convex/getsysinfo = unknown
/usr/bin/hostinfo      = unknown
/bin/machine           = unknown
/usr/bin/oslevel       = unknown
/bin/universe          = unknown

PATH: /home/macrodrigues/.buildozer/android/platform/android-ndk-r19c/toolchains/llvm/prebuilt/linux-x86_64/bin
PATH: /home/macrodrigues/.buildozer/android/platform/android-ndk-r19c/toolchains/llvm/prebuilt/linux-x86_64/bin
PATH: /home/macrodrigues/.buildozer/android/platform/android-ndk-r19c/toolchains/llvm/prebuilt/linux-x86_64/bin
PATH: /home/macrodrigues/.buildozer/android/platform/android-ndk-r19c/toolchains/llvm/prebuilt/linux-x86_64/bin
PATH: /home/macrodrigues/.buildozer/android/platform/android-ndk-r19c/toolchains/llvm/prebuilt/linux-x86_64/bin
PATH: /home/macrodrigues/.buildozer/android/platform/android-ndk-r19c/toolchains/arm-linux-androideabi-4.9/prebuilt/linux-x86/bin/
PATH: /home/macrodrigues/.buildozer/android/platform/android-ndk-r19c/toolchains/arm-linux-androideabi-4.9/prebuilt/linux-x86_64/bin/
PATH: /home/macrodrigues/.buildozer/android/platform/android-ndk-r19c
PATH: /home/macrodrigues/.buildozer/android/platform/android-sdk/tools
PATH: /home/macrodrigues/.buildozer/android/platform/apache-ant-1.9.4/bin
PATH: /home/macrodrigues/.pyenv/versions/marco_venv/bin
PATH: /home/macrodrigues/.pyenv/libexec
PATH: /home/macrodrigues/.pyenv/plugins/python-build/bin
PATH: /home/macrodrigues/.pyenv/plugins/pyenv-virtualenv/bin
PATH: ./bin
PATH: ./node_modules/.bin
PATH: /home/macrodrigues/.pyenv/plugins/pyenv-virtualenv/shims
PATH: /home/macrodrigues/.rbenv/bin
PATH: /home/macrodrigues/.pyenv/plugins/pyenv-virtualenv/shims
PATH: /home/macrodrigues/.vscode-server/bin/f80445acd5a3dadef24aa209168452a3d97cc326/bin/remote-cli
PATH: ./bin
PATH: ./node_modules/.bin
PATH: /home/macrodrigues/.pyenv/plugins/pyenv-virtualenv/shims
PATH: /home/macrodrigues/.rbenv/bin
PATH: /home/macrodrigues/.pyenv/plugins/pyenv-virtualenv/shims
PATH: /home/macrodrigues/.pyenv/shims
PATH: /home/macrodrigues/.pyenv/bin
PATH: /usr/local/sbin
PATH: /usr/local/bin
PATH: /usr/sbin
PATH: /usr/bin
PATH: /sbin
PATH: /bin
PATH: /usr/games
PATH: /usr/local/games
PATH: /usr/lib/wsl/lib
PATH: /mnt/c/Windows/system32
PATH: /mnt/c/Windows
PATH: /mnt/c/Windows/System32/Wbem
PATH: /mnt/c/Windows/System32/WindowsPowerShell/v1.0/
PATH: /mnt/c/Windows/System32/OpenSSH/
PATH: /mnt/c/Users/Marco Rodrigues/AppData/Local/Microsoft/WindowsApps
PATH: /mnt/c/Users/Marco Rodrigues/AppData/Local/Programs/Microsoft VS Code/bin
PATH: /usr/local/sbin
PATH: /usr/local/sbin


## ----------- ##
## Core tests. ##
## ----------- ##

configure:2354: checking for a BSD-compatible install
configure:2422: result: /usr/bin/install -c
configure:2433: checking whether build environment is sane
configure:2488: result: yes
configure:2545: checking for arm-linux-androideabi-strip
configure:2572: result: arm-linux-androideabi-strip --strip-unneeded
configure:2637: checking for a thread-safe mkdir -p
configure:2676: result: /usr/bin/mkdir -p
configure:2683: checking for gawk
configure:2699: found /usr/bin/gawk
configure:2710: result: gawk
configure:2721: checking whether make -j4 sets $(MAKE)
configure:2743: result: yes
configure:2772: checking whether make -j4 supports nested variables
configure:2789: result: yes
configure:2919: checking whether to enable maintainer-specific portions of Makefiles
configure:2928: result: no
configure:2968: checking for arm-linux-androideabi-gcc
configure:2995: result: /home/macrodrigues/.buildozer/android/platform/android-ndk-r19c/toolchains/llvm/prebuilt/linux-x86_64/bin/clang -target armv7a-linux-androideabi21 -fomit-frame-pointer -march=armv7-a -mfloat-abi=softfp -mfpu=vfp -mthumb -fPIC
configure:3264: checking for C compiler version
configure:3273: /home/macrodrigues/.buildozer/android/platform/android-ndk-r19c/toolchains/llvm/prebuilt/linux-x86_64/bin/clang -target armv7a-linux-androideabi21 -fomit-frame-pointer -march=armv7-a -mfloat-abi=softfp -mfpu=vfp -mthumb -fPIC --version >&5
Android (5058415 based on r339409) clang version 8.0.2 (https://android.googlesource.com/toolchain/clang 40173bab62ec746213857d083c0e8b0abb568790) (https://android.googlesource.com/toolchain/llvm 7a6618d69e7e8111e1d49dc9e7813767c5ca756a) (based on LLVM 8.0.2svn)
Target: armv7a-unknown-linux-android21
Thread model: posix
InstalledDir: /home/macrodrigues/.buildozer/android/platform/android-ndk-r19c/toolchains/llvm/prebuilt/linux-x86_64/bin
configure:3284: $? = 0
configure:3273: /home/macrodrigues/.buildozer/android/platform/android-ndk-r19c/toolchains/llvm/prebuilt/linux-x86_64/bin/clang -target armv7a-linux-androideabi21 -fomit-frame-pointer -march=armv7-a -mfloat-abi=softfp -mfpu=vfp -mthumb -fPIC -v >&5
Android (5058415 based on r339409) clang version 8.0.2 (https://android.googlesource.com/toolchain/clang 40173bab62ec746213857d083c0e8b0abb568790) (https://android.googlesource.com/toolchain/llvm 7a6618d69e7e8111e1d49dc9e7813767c5ca756a) (based on LLVM 8.0.2svn)
Target: armv7a-unknown-linux-android21
Thread model: posix
InstalledDir: /home/macrodrigues/.buildozer/android/platform/android-ndk-r19c/toolchains/llvm/prebuilt/linux-x86_64/bin
Found candidate GCC installation: /home/macrodrigues/.buildozer/android/platform/android-ndk-r19c/toolchains/llvm/prebuilt/linux-x86_64/bin/../lib/gcc/arm-linux-androideabi/4.9.x
Selected GCC installation: /home/macrodrigues/.buildozer/android/platform/android-ndk-r19c/toolchains/llvm/prebuilt/linux-x86_64/bin/../lib/gcc/arm-linux-androideabi/4.9.x
Candidate multilib: thumb;@mthumb
Candidate multilib: armv7-a;@march=armv7-a
Candidate multilib: armv7-a/thumb;@march=armv7-a@mthumb
Candidate multilib: .;
... rest of stderr output deleted ...
configure:3284: $? = 0
configure:3273: /home/macrodrigues/.buildozer/android/platform/android-ndk-r19c/toolchains/llvm/prebuilt/linux-x86_64/bin/clang -target armv7a-linux-androideabi21 -fomit-frame-pointer -march=armv7-a -mfloat-abi=softfp -mfpu=vfp -mthumb -fPIC -V >&5
clang: error: argument to '-V' is missing (expected 1 value)
clang: error: no input files
configure:3284: $? = 1
configure:3273: /home/macrodrigues/.buildozer/android/platform/android-ndk-r19c/toolchains/llvm/prebuilt/linux-x86_64/bin/clang -target armv7a-linux-androideabi21 -fomit-frame-pointer -march=armv7-a -mfloat-abi=softfp -mfpu=vfp -mthumb -fPIC -qversion >&5
clang: error: unknown argument '-qversion', did you mean '--version'?
clang: error: no input files
configure:3284: $? = 1
configure:3304: checking whether the C compiler works
configure:3326: /home/macrodrigues/.buildozer/android/platform/android-ndk-r19c/toolchains/llvm/prebuilt/linux-x86_64/bin/clang -target armv7a-linux-androideabi21 -fomit-frame-pointer -march=armv7-a -mfloat-abi=softfp -mfpu=vfp -mthumb -fPIC -target armv7a-linux-androideabi21 -fomit-frame-pointer -march=armv7-a -mfloat-abi=softfp -mfpu=vfp -mthumb -fPIC -DANDROID -D__ANDROID_API__=21 -I/home/macrodrigues/.buildozer/android/platform/android-ndk-r19c/sysroot/usr/include/arm-linux-androideabi -I/home/macrodrigues/code/macrodrigues/my_projects/butterfly_detector/app/.buildozer/android/platform/build-armeabi-v7a/build/python-installs/butterflypack/include/python3.8   -L/home/macrodrigues/code/macrodrigues/my_projects/butterfly_detector/app/.buildozer/android/platform/build-armeabi-v7a/build/libs_collections/butterflypack/armeabi-v7a conftest.c  >&5
configure:3330: $? = 0
configure:3378: result: yes
configure:3381: checking for C compiler default output file name
configure:3383: result: a.out
configure:3389: checking for suffix of executables
configure:3396: /home/macrodrigues/.buildozer/android/platform/android-ndk-r19c/toolchains/llvm/prebuilt/linux-x86_64/bin/clang -target armv7a-linux-androideabi21 -fomit-frame-pointer -march=armv7-a -mfloat-abi=softfp -mfpu=vfp -mthumb -fPIC -o conftest -target armv7a-linux-androideabi21 -fomit-frame-pointer -march=armv7-a -mfloat-abi=softfp -mfpu=vfp -mthumb -fPIC -DANDROID -D__ANDROID_API__=21 -I/home/macrodrigues/.buildozer/android/platform/android-ndk-r19c/sysroot/usr/include/arm-linux-androideabi -I/home/macrodrigues/code/macrodrigues/my_projects/butterfly_detector/app/.buildozer/android/platform/build-armeabi-v7a/build/python-installs/butterflypack/include/python3.8   -L/home/macrodrigues/code/macrodrigues/my_projects/butterfly_detector/app/.buildozer/android/platform/build-armeabi-v7a/build/libs_collections/butterflypack/armeabi-v7a conftest.c  >&5
configure:3400: $? = 0
configure:3422: result: 
configure:3444: checking whether we are cross compiling
configure:3482: result: yes
configure:3487: checking for suffix of object files
configure:3509: /home/macrodrigues/.buildozer/android/platform/android-ndk-r19c/toolchains/llvm/prebuilt/linux-x86_64/bin/clang -target armv7a-linux-androideabi21 -fomit-frame-pointer -march=armv7-a -mfloat-abi=softfp -mfpu=vfp -mthumb -fPIC -c -target armv7a-linux-androideabi21 -fomit-frame-pointer -march=armv7-a -mfloat-abi=softfp -mfpu=vfp -mthumb -fPIC -DANDROID -D__ANDROID_API__=21 -I/home/macrodrigues/.buildozer/android/platform/android-ndk-r19c/sysroot/usr/include/arm-linux-androideabi -I/home/macrodrigues/code/macrodrigues/my_projects/butterfly_detector/app/.buildozer/android/platform/build-armeabi-v7a/build/python-installs/butterflypack/include/python3.8 conftest.c >&5
configure:3513: $? = 0
configure:3534: result: o
configure:3538: checking whether we are using the GNU C compiler
configure:3557: /home/macrodrigues/.buildozer/android/platform/android-ndk-r19c/toolchains/llvm/prebuilt/linux-x86_64/bin/clang -target armv7a-linux-androideabi21 -fomit-frame-pointer -march=armv7-a -mfloat-abi=softfp -mfpu=vfp -mthumb -fPIC -c -target armv7a-linux-androideabi21 -fomit-frame-pointer -march=armv7-a -mfloat-abi=softfp -mfpu=vfp -mthumb -fPIC -DANDROID -D__ANDROID_API__=21 -I/home/macrodrigues/.buildozer/android/platform/android-ndk-r19c/sysroot/usr/include/arm-linux-androideabi -I/home/macrodrigues/code/macrodrigues/my_projects/butterfly_detector/app/.buildozer/android/platform/build-armeabi-v7a/build/python-installs/butterflypack/include/python3.8 conftest.c >&5
configure:3557: $? = 0
configure:3566: result: yes
configure:3575: checking whether /home/macrodrigues/.buildozer/android/platform/android-ndk-r19c/toolchains/llvm/prebuilt/linux-x86_64/bin/clang -target armv7a-linux-androideabi21 -fomit-frame-pointer -march=armv7-a -mfloat-abi=softfp -mfpu=vfp -mthumb -fPIC accepts -g
configure:3595: /home/macrodrigues/.buildozer/android/platform/android-ndk-r19c/toolchains/llvm/prebuilt/linux-x86_64/bin/clang -target armv7a-linux-androideabi21 -fomit-frame-pointer -march=armv7-a -mfloat-abi=softfp -mfpu=vfp -mthumb -fPIC -c -g -DANDROID -D__ANDROID_API__=21 -I/home/macrodrigues/.buildozer/android/platform/android-ndk-r19c/sysroot/usr/include/arm-linux-androideabi -I/home/macrodrigues/code/macrodrigues/my_projects/butterfly_detector/app/.buildozer/android/platform/build-armeabi-v7a/build/python-installs/butterflypack/include/python3.8 conftest.c >&5
configure:3595: $? = 0
configure:3636: result: yes
configure:3653: checking for /home/macrodrigues/.buildozer/android/platform/android-ndk-r19c/toolchains/llvm/prebuilt/linux-x86_64/bin/clang -target armv7a-linux-androideabi21 -fomit-frame-pointer -march=armv7-a -mfloat-abi=softfp -mfpu=vfp -mthumb -fPIC option to accept ISO C89
configure:3716: /home/macrodrigues/.buildozer/android/platform/android-ndk-r19c/toolchains/llvm/prebuilt/linux-x86_64/bin/clang -target armv7a-linux-androideabi21 -fomit-frame-pointer -march=armv7-a -mfloat-abi=softfp -mfpu=vfp -mthumb -fPIC  -c -target armv7a-linux-androideabi21 -fomit-frame-pointer -march=armv7-a -mfloat-abi=softfp -mfpu=vfp -mthumb -fPIC -DANDROID -D__ANDROID_API__=21 -I/home/macrodrigues/.buildozer/android/platform/android-ndk-r19c/sysroot/usr/include/arm-linux-androideabi -I/home/macrodrigues/code/macrodrigues/my_projects/butterfly_detector/app/.buildozer/android/platform/build-armeabi-v7a/build/python-installs/butterflypack/include/python3.8 conftest.c >&5
configure:3716: $? = 0
configure:3729: result: none needed
configure:3754: checking whether /home/macrodrigues/.buildozer/android/platform/android-ndk-r19c/toolchains/llvm/prebuilt/linux-x86_64/bin/clang -target armv7a-linux-androideabi21 -fomit-frame-pointer -march=armv7-a -mfloat-abi=softfp -mfpu=vfp -mthumb -fPIC understands -c and -o together
configure:3776: /home/macrodrigues/.buildozer/android/platform/android-ndk-r19c/toolchains/llvm/prebuilt/linux-x86_64/bin/clang -target armv7a-linux-androideabi21 -fomit-frame-pointer -march=armv7-a -mfloat-abi=softfp -mfpu=vfp -mthumb -fPIC -c conftest.c -o conftest2.o
configure:3779: $? = 0
configure:3776: /home/macrodrigues/.buildozer/android/platform/android-ndk-r19c/toolchains/llvm/prebuilt/linux-x86_64/bin/clang -target armv7a-linux-androideabi21 -fomit-frame-pointer -march=armv7-a -mfloat-abi=softfp -mfpu=vfp -mthumb -fPIC -c conftest.c -o conftest2.o
configure:3779: $? = 0
configure:3791: result: yes
configure:3811: checking whether make -j4 supports the include directive
configure:3826: make -j4 -f confmf.GNU && cat confinc.out
this is the am__doit target
configure:3829: $? = 0
configure:3848: result: yes (GNU style)
configure:3873: checking dependency style of /home/macrodrigues/.buildozer/android/platform/android-ndk-r19c/toolchains/llvm/prebuilt/linux-x86_64/bin/clang -target armv7a-linux-androideabi21 -fomit-frame-pointer -march=armv7-a -mfloat-abi=softfp -mfpu=vfp -mthumb -fPIC
configure:3984: result: gcc3
configure:4008: checking dependency style of /home/macrodrigues/.buildozer/android/platform/android-ndk-r19c/toolchains/llvm/prebuilt/linux-x86_64/bin/clang -target armv7a-linux-androideabi21 -fomit-frame-pointer -march=armv7-a -mfloat-abi=softfp -mfpu=vfp -mthumb -fPIC
configure:4117: result: gcc3
configure:4136: checking build system type
configure:4150: result: x86_64-pc-linux-gnu
configure:4170: checking host system type
configure:4183: result: arm-unknown-linux-androideabi
configure:4203: checking for a sed that does not truncate output
configure:4267: result: /usr/bin/sed
configure:4285: checking for grep that handles long lines and -e
configure:4343: result: /usr/bin/grep
configure:4348: checking for egrep
configure:4410: result: /usr/bin/grep -E
configure:4415: checking for fgrep
configure:4477: result: /usr/bin/grep -F
configure:4504: checking how to print strings
configure:4531: result: printf
configure:4564: checking for ld used by /home/macrodrigues/.buildozer/android/platform/android-ndk-r19c/toolchains/llvm/prebuilt/linux-x86_64/bin/clang -target armv7a-linux-androideabi21 -fomit-frame-pointer -march=armv7-a -mfloat-abi=softfp -mfpu=vfp -mthumb -fPIC
configure:4631: result: arm-linux-androideabi-ld
configure:4638: checking if the linker (arm-linux-androideabi-ld) is GNU ld
configure:4653: result: yes
configure:4670: checking how to run the C preprocessor
configure:4701: /home/macrodrigues/.buildozer/android/platform/android-ndk-r19c/toolchains/llvm/prebuilt/linux-x86_64/bin/clang -target armv7a-linux-androideabi21 -fomit-frame-pointer -march=armv7-a -mfloat-abi=softfp -mfpu=vfp -mthumb -fPIC -E -DANDROID -D__ANDROID_API__=21 -I/home/macrodrigues/.buildozer/android/platform/android-ndk-r19c/sysroot/usr/include/arm-linux-androideabi -I/home/macrodrigues/code/macrodrigues/my_projects/butterfly_detector/app/.buildozer/android/platform/build-armeabi-v7a/build/python-installs/butterflypack/include/python3.8 conftest.c
configure:4701: $? = 0
configure:4715: /home/macrodrigues/.buildozer/android/platform/android-ndk-r19c/toolchains/llvm/prebuilt/linux-x86_64/bin/clang -target armv7a-linux-androideabi21 -fomit-frame-pointer -march=armv7-a -mfloat-abi=softfp -mfpu=vfp -mthumb -fPIC -E -DANDROID -D__ANDROID_API__=21 -I/home/macrodrigues/.buildozer/android/platform/android-ndk-r19c/sysroot/usr/include/arm-linux-androideabi -I/home/macrodrigues/code/macrodrigues/my_projects/butterfly_detector/app/.buildozer/android/platform/build-armeabi-v7a/build/python-installs/butterflypack/include/python3.8 conftest.c
conftest.c:11:10: fatal error: 'ac_nonexistent.h' file not found
#include <ac_nonexistent.h>
         ^~~~~~~~~~~~~~~~~~
1 error generated.
configure:4715: $? = 1
configure: failed program was:
| /* confdefs.h */
| #define PACKAGE_NAME "libpng"
| #define PACKAGE_TARNAME "libpng"
| #define PACKAGE_VERSION "1.6.37"
| #define PACKAGE_STRING "libpng 1.6.37"
| #define PACKAGE_BUGREPORT "png-mng-implement@lists.sourceforge.net"
| #define PACKAGE_URL ""
| #define PACKAGE "libpng"
| #define VERSION "1.6.37"
| /* end confdefs.h.  */
| #include <ac_nonexistent.h>
configure:4740: result: /home/macrodrigues/.buildozer/android/platform/android-ndk-r19c/toolchains/llvm/prebuilt/linux-x86_64/bin/clang -target armv7a-linux-androideabi21 -fomit-frame-pointer -march=armv7-a -mfloat-abi=softfp -mfpu=vfp -mthumb -fPIC -E
configure:4760: /home/macrodrigues/.buildozer/android/platform/android-ndk-r19c/toolchains/llvm/prebuilt/linux-x86_64/bin/clang -target armv7a-linux-androideabi21 -fomit-frame-pointer -march=armv7-a -mfloat-abi=softfp -mfpu=vfp -mthumb -fPIC -E -DANDROID -D__ANDROID_API__=21 -I/home/macrodrigues/.buildozer/android/platform/android-ndk-r19c/sysroot/usr/include/arm-linux-androideabi -I/home/macrodrigues/code/macrodrigues/my_projects/butterfly_detector/app/.buildozer/android/platform/build-armeabi-v7a/build/python-installs/butterflypack/include/python3.8 conftest.c
configure:4760: $? = 0
configure:4774: /home/macrodrigues/.buildozer/android/platform/android-ndk-r19c/toolchains/llvm/prebuilt/linux-x86_64/bin/clang -target armv7a-linux-androideabi21 -fomit-frame-pointer -march=armv7-a -mfloat-abi=softfp -mfpu=vfp -mthumb -fPIC -E -DANDROID -D__ANDROID_API__=21 -I/home/macrodrigues/.buildozer/android/platform/android-ndk-r19c/sysroot/usr/include/arm-linux-androideabi -I/home/macrodrigues/code/macrodrigues/my_projects/butterfly_detector/app/.buildozer/android/platform/build-armeabi-v7a/build/python-installs/butterflypack/include/python3.8 conftest.c
conftest.c:11:10: fatal error: 'ac_nonexistent.h' file not found
#include <ac_nonexistent.h>
         ^~~~~~~~~~~~~~~~~~
1 error generated.
configure:4774: $? = 1
configure: failed program was:
| /* confdefs.h */
| #define PACKAGE_NAME "libpng"
| #define PACKAGE_TARNAME "libpng"
| #define PACKAGE_VERSION "1.6.37"
| #define PACKAGE_STRING "libpng 1.6.37"
| #define PACKAGE_BUGREPORT "png-mng-implement@lists.sourceforge.net"
| #define PACKAGE_URL ""
| #define PACKAGE "libpng"
| #define VERSION "1.6.37"
| /* end confdefs.h.  */
| #include <ac_nonexistent.h>
configure:4806: checking for gawk
configure:4833: result: gawk
configure:4845: checking whether ln -s works
configure:4849: result: yes
configure:4856: checking whether make -j4 sets $(MAKE)
configure:4878: result: yes
configure:4930: checking for BSD- or MS-compatible name lister (nm)
configure:4984: result: arm-linux-androideabi-nm
configure:5114: checking the name lister (arm-linux-androideabi-nm) interface
configure:5121: /home/macrodrigues/.buildozer/android/platform/android-ndk-r19c/toolchains/llvm/prebuilt/linux-x86_64/bin/clang -target armv7a-linux-androideabi21 -fomit-frame-pointer -march=armv7-a -mfloat-abi=softfp -mfpu=vfp -mthumb -fPIC -c -target armv7a-linux-androideabi21 -fomit-frame-pointer -march=armv7-a -mfloat-abi=softfp -mfpu=vfp -mthumb -fPIC -DANDROID -D__ANDROID_API__=21 -I/home/macrodrigues/.buildozer/android/platform/android-ndk-r19c/sysroot/usr/include/arm-linux-androideabi -I/home/macrodrigues/code/macrodrigues/my_projects/butterfly_detector/app/.buildozer/android/platform/build-armeabi-v7a/build/python-installs/butterflypack/include/python3.8 conftest.c >&5
configure:5124: arm-linux-androideabi-nm "conftest.o"
configure:5127: output
00000000 B some_variable
configure:5128: result: BSD nm
configure:5132: checking the maximum length of command line arguments
configure:5263: result: 1572864
configure:5311: checking how to convert x86_64-pc-linux-gnu file names to arm-unknown-linux-androideabi format
configure:5351: result: func_convert_file_noop
configure:5358: checking how to convert x86_64-pc-linux-gnu file names to toolchain format
configure:5378: result: func_convert_file_noop
configure:5385: checking for arm-linux-androideabi-ld option to reload object files
configure:5392: result: -r
configure:5426: checking for arm-linux-androideabi-objdump
configure:5442: found /home/macrodrigues/.buildozer/android/platform/android-ndk-r19c/toolchains/llvm/prebuilt/linux-x86_64/bin/arm-linux-androideabi-objdump
configure:5453: result: arm-linux-androideabi-objdump
configure:5522: checking how to recognize dependent libraries
configure:5722: result: pass_all
configure:5767: checking for arm-linux-androideabi-dlltool
configure:5797: result: no
configure:5807: checking for dlltool
configure:5837: result: no
configure:5864: checking how to associate runtime and link libraries
configure:5891: result: printf %s\n
configure:5908: checking for arm-linux-androideabi-ar
configure:5935: result: arm-linux-androideabi-ar
configure:6016: checking for archiver @FILE support
configure:6033: /home/macrodrigues/.buildozer/android/platform/android-ndk-r19c/toolchains/llvm/prebuilt/linux-x86_64/bin/clang -target armv7a-linux-androideabi21 -fomit-frame-pointer -march=armv7-a -mfloat-abi=softfp -mfpu=vfp -mthumb -fPIC -c -target armv7a-linux-androideabi21 -fomit-frame-pointer -march=armv7-a -mfloat-abi=softfp -mfpu=vfp -mthumb -fPIC -DANDROID -D__ANDROID_API__=21 -I/home/macrodrigues/.buildozer/android/platform/android-ndk-r19c/sysroot/usr/include/arm-linux-androideabi -I/home/macrodrigues/code/macrodrigues/my_projects/butterfly_detector/app/.buildozer/android/platform/build-armeabi-v7a/build/python-installs/butterflypack/include/python3.8 conftest.c >&5
configure:6033: $? = 0
configure:6036: arm-linux-androideabi-ar cru libconftest.a @conftest.lst >&5
configure:6039: $? = 0
configure:6044: arm-linux-androideabi-ar cru libconftest.a @conftest.lst >&5
arm-linux-androideabi-ar: conftest.o: No such file or directory
configure:6047: $? = 1
configure:6046: result: @
configure:6064: checking for arm-linux-androideabi-strip
configure:6091: result: arm-linux-androideabi-strip --strip-unneeded
configure:6163: checking for arm-linux-androideabi-ranlib
configure:6190: result: arm-linux-androideabi-ranlib
configure:6332: checking command to parse arm-linux-androideabi-nm output from /home/macrodrigues/.buildozer/android/platform/android-ndk-r19c/toolchains/llvm/prebuilt/linux-x86_64/bin/clang -target armv7a-linux-androideabi21 -fomit-frame-pointer -march=armv7-a -mfloat-abi=softfp -mfpu=vfp -mthumb -fPIC object
configure:6485: /home/macrodrigues/.buildozer/android/platform/android-ndk-r19c/toolchains/llvm/prebuilt/linux-x86_64/bin/clang -target armv7a-linux-androideabi21 -fomit-frame-pointer -march=armv7-a -mfloat-abi=softfp -mfpu=vfp -mthumb -fPIC -c -target armv7a-linux-androideabi21 -fomit-frame-pointer -march=armv7-a -mfloat-abi=softfp -mfpu=vfp -mthumb -fPIC -DANDROID -D__ANDROID_API__=21 -I/home/macrodrigues/.buildozer/android/platform/android-ndk-r19c/sysroot/usr/include/arm-linux-androideabi -I/home/macrodrigues/code/macrodrigues/my_projects/butterfly_detector/app/.buildozer/android/platform/build-armeabi-v7a/build/python-installs/butterflypack/include/python3.8 conftest.c >&5
configure:6488: $? = 0
configure:6492: arm-linux-androideabi-nm conftest.o \| sed -n -e 's/^.*[ ]\([ABCDGIRSTW][ABCDGIRSTW]*\)[ ][ ]*\([_A-Za-z][_A-Za-z0-9]*\)$/\1 \2 \2/p' | sed '/ __gnu_lto/d' \> conftest.nm
configure:6495: $? = 0
configure:6561: /home/macrodrigues/.buildozer/android/platform/android-ndk-r19c/toolchains/llvm/prebuilt/linux-x86_64/bin/clang -target armv7a-linux-androideabi21 -fomit-frame-pointer -march=armv7-a -mfloat-abi=softfp -mfpu=vfp -mthumb -fPIC -o conftest -target armv7a-linux-androideabi21 -fomit-frame-pointer -march=armv7-a -mfloat-abi=softfp -mfpu=vfp -mthumb -fPIC -DANDROID -D__ANDROID_API__=21 -I/home/macrodrigues/.buildozer/android/platform/android-ndk-r19c/sysroot/usr/include/arm-linux-androideabi -I/home/macrodrigues/code/macrodrigues/my_projects/butterfly_detector/app/.buildozer/android/platform/build-armeabi-v7a/build/python-installs/butterflypack/include/python3.8   -L/home/macrodrigues/code/macrodrigues/my_projects/butterfly_detector/app/.buildozer/android/platform/build-armeabi-v7a/build/libs_collections/butterflypack/armeabi-v7a conftest.c conftstm.o >&5
configure:6564: $? = 0
configure:6602: result: ok
configure:6649: checking for sysroot
configure:6679: result: no
configure:6686: checking for a working dd
configure:6724: result: /usr/bin/dd
configure:6728: checking how to truncate binary pipes
configure:6743: result: /usr/bin/dd bs=4096 count=1
configure:7032: checking for arm-linux-androideabi-mt
configure:7062: result: no
configure:7072: checking for mt
configure:7088: found /usr/bin/mt
configure:7099: result: mt
configure:7111: WARNING: using cross tools not prefixed with host triplet
configure:7122: checking if mt is a manifest tool
configure:7128: mt '-?'
configure:7136: result: no
configure:7809: checking for ANSI C header files
configure:7829: /home/macrodrigues/.buildozer/android/platform/android-ndk-r19c/toolchains/llvm/prebuilt/linux-x86_64/bin/clang -target armv7a-linux-androideabi21 -fomit-frame-pointer -march=armv7-a -mfloat-abi=softfp -mfpu=vfp -mthumb -fPIC -c -target armv7a-linux-androideabi21 -fomit-frame-pointer -march=armv7-a -mfloat-abi=softfp -mfpu=vfp -mthumb -fPIC -DANDROID -D__ANDROID_API__=21 -I/home/macrodrigues/.buildozer/android/platform/android-ndk-r19c/sysroot/usr/include/arm-linux-androideabi -I/home/macrodrigues/code/macrodrigues/my_projects/butterfly_detector/app/.buildozer/android/platform/build-armeabi-v7a/build/python-installs/butterflypack/include/python3.8 conftest.c >&5
configure:7829: $? = 0
configure:7913: result: yes
configure:7926: checking for sys/types.h
configure:7926: /home/macrodrigues/.buildozer/android/platform/android-ndk-r19c/toolchains/llvm/prebuilt/linux-x86_64/bin/clang -target armv7a-linux-androideabi21 -fomit-frame-pointer -march=armv7-a -mfloat-abi=softfp -mfpu=vfp -mthumb -fPIC -c -target armv7a-linux-androideabi21 -fomit-frame-pointer -march=armv7-a -mfloat-abi=softfp -mfpu=vfp -mthumb -fPIC -DANDROID -D__ANDROID_API__=21 -I/home/macrodrigues/.buildozer/android/platform/android-ndk-r19c/sysroot/usr/include/arm-linux-androideabi -I/home/macrodrigues/code/macrodrigues/my_projects/butterfly_detector/app/.buildozer/android/platform/build-armeabi-v7a/build/python-installs/butterflypack/include/python3.8 conftest.c >&5
configure:7926: $? = 0
configure:7926: result: yes
configure:7926: checking for sys/stat.h
configure:7926: /home/macrodrigues/.buildozer/android/platform/android-ndk-r19c/toolchains/llvm/prebuilt/linux-x86_64/bin/clang -target armv7a-linux-androideabi21 -fomit-frame-pointer -march=armv7-a -mfloat-abi=softfp -mfpu=vfp -mthumb -fPIC -c -target armv7a-linux-androideabi21 -fomit-frame-pointer -march=armv7-a -mfloat-abi=softfp -mfpu=vfp -mthumb -fPIC -DANDROID -D__ANDROID_API__=21 -I/home/macrodrigues/.buildozer/android/platform/android-ndk-r19c/sysroot/usr/include/arm-linux-androideabi -I/home/macrodrigues/code/macrodrigues/my_projects/butterfly_detector/app/.buildozer/android/platform/build-armeabi-v7a/build/python-installs/butterflypack/include/python3.8 conftest.c >&5
configure:7926: $? = 0
configure:7926: result: yes
configure:7926: checking for stdlib.h
configure:7926: /home/macrodrigues/.buildozer/android/platform/android-ndk-r19c/toolchains/llvm/prebuilt/linux-x86_64/bin/clang -target armv7a-linux-androideabi21 -fomit-frame-pointer -march=armv7-a -mfloat-abi=softfp -mfpu=vfp -mthumb -fPIC -c -target armv7a-linux-androideabi21 -fomit-frame-pointer -march=armv7-a -mfloat-abi=softfp -mfpu=vfp -mthumb -fPIC -DANDROID -D__ANDROID_API__=21 -I/home/macrodrigues/.buildozer/android/platform/android-ndk-r19c/sysroot/usr/include/arm-linux-androideabi -I/home/macrodrigues/code/macrodrigues/my_projects/butterfly_detector/app/.buildozer/android/platform/build-armeabi-v7a/build/python-installs/butterflypack/include/python3.8 conftest.c >&5
configure:7926: $? = 0
configure:7926: result: yes
configure:7926: checking for string.h
configure:7926: /home/macrodrigues/.buildozer/android/platform/android-ndk-r19c/toolchains/llvm/prebuilt/linux-x86_64/bin/clang -target armv7a-linux-androideabi21 -fomit-frame-pointer -march=armv7-a -mfloat-abi=softfp -mfpu=vfp -mthumb -fPIC -c -target armv7a-linux-androideabi21 -fomit-frame-pointer -march=armv7-a -mfloat-abi=softfp -mfpu=vfp -mthumb -fPIC -DANDROID -D__ANDROID_API__=21 -I/home/macrodrigues/.buildozer/android/platform/android-ndk-r19c/sysroot/usr/include/arm-linux-androideabi -I/home/macrodrigues/code/macrodrigues/my_projects/butterfly_detector/app/.buildozer/android/platform/build-armeabi-v7a/build/python-installs/butterflypack/include/python3.8 conftest.c >&5
configure:7926: $? = 0
configure:7926: result: yes
configure:7926: checking for memory.h
configure:7926: /home/macrodrigues/.buildozer/android/platform/android-ndk-r19c/toolchains/llvm/prebuilt/linux-x86_64/bin/clang -target armv7a-linux-androideabi21 -fomit-frame-pointer -march=armv7-a -mfloat-abi=softfp -mfpu=vfp -mthumb -fPIC -c -target armv7a-linux-androideabi21 -fomit-frame-pointer -march=armv7-a -mfloat-abi=softfp -mfpu=vfp -mthumb -fPIC -DANDROID -D__ANDROID_API__=21 -I/home/macrodrigues/.buildozer/android/platform/android-ndk-r19c/sysroot/usr/include/arm-linux-androideabi -I/home/macrodrigues/code/macrodrigues/my_projects/butterfly_detector/app/.buildozer/android/platform/build-armeabi-v7a/build/python-installs/butterflypack/include/python3.8 conftest.c >&5
configure:7926: $? = 0
configure:7926: result: yes
configure:7926: checking for strings.h
configure:7926: /home/macrodrigues/.buildozer/android/platform/android-ndk-r19c/toolchains/llvm/prebuilt/linux-x86_64/bin/clang -target armv7a-linux-androideabi21 -fomit-frame-pointer -march=armv7-a -mfloat-abi=softfp -mfpu=vfp -mthumb -fPIC -c -target armv7a-linux-androideabi21 -fomit-frame-pointer -march=armv7-a -mfloat-abi=softfp -mfpu=vfp -mthumb -fPIC -DANDROID -D__ANDROID_API__=21 -I/home/macrodrigues/.buildozer/android/platform/android-ndk-r19c/sysroot/usr/include/arm-linux-androideabi -I/home/macrodrigues/code/macrodrigues/my_projects/butterfly_detector/app/.buildozer/android/platform/build-armeabi-v7a/build/python-installs/butterflypack/include/python3.8 conftest.c >&5
configure:7926: $? = 0
configure:7926: result: yes
configure:7926: checking for inttypes.h
configure:7926: /home/macrodrigues/.buildozer/android/platform/android-ndk-r19c/toolchains/llvm/prebuilt/linux-x86_64/bin/clang -target armv7a-linux-androideabi21 -fomit-frame-pointer -march=armv7-a -mfloat-abi=softfp -mfpu=vfp -mthumb -fPIC -c -target armv7a-linux-androideabi21 -fomit-frame-pointer -march=armv7-a -mfloat-abi=softfp -mfpu=vfp -mthumb -fPIC -DANDROID -D__ANDROID_API__=21 -I/home/macrodrigues/.buildozer/android/platform/android-ndk-r19c/sysroot/usr/include/arm-linux-androideabi -I/home/macrodrigues/code/macrodrigues/my_projects/butterfly_detector/app/.buildozer/android/platform/build-armeabi-v7a/build/python-installs/butterflypack/include/python3.8 conftest.c >&5
configure:7926: $? = 0
configure:7926: result: yes
configure:7926: checking for stdint.h
configure:7926: /home/macrodrigues/.buildozer/android/platform/android-ndk-r19c/toolchains/llvm/prebuilt/linux-x86_64/bin/clang -target armv7a-linux-androideabi21 -fomit-frame-pointer -march=armv7-a -mfloat-abi=softfp -mfpu=vfp -mthumb -fPIC -c -target armv7a-linux-androideabi21 -fomit-frame-pointer -march=armv7-a -mfloat-abi=softfp -mfpu=vfp -mthumb -fPIC -DANDROID -D__ANDROID_API__=21 -I/home/macrodrigues/.buildozer/android/platform/android-ndk-r19c/sysroot/usr/include/arm-linux-androideabi -I/home/macrodrigues/code/macrodrigues/my_projects/butterfly_detector/app/.buildozer/android/platform/build-armeabi-v7a/build/python-installs/butterflypack/include/python3.8 conftest.c >&5
configure:7926: $? = 0
configure:7926: result: yes
configure:7926: checking for unistd.h
configure:7926: /home/macrodrigues/.buildozer/android/platform/android-ndk-r19c/toolchains/llvm/prebuilt/linux-x86_64/bin/clang -target armv7a-linux-androideabi21 -fomit-frame-pointer -march=armv7-a -mfloat-abi=softfp -mfpu=vfp -mthumb -fPIC -c -target armv7a-linux-androideabi21 -fomit-frame-pointer -march=armv7-a -mfloat-abi=softfp -mfpu=vfp -mthumb -fPIC -DANDROID -D__ANDROID_API__=21 -I/home/macrodrigues/.buildozer/android/platform/android-ndk-r19c/sysroot/usr/include/arm-linux-androideabi -I/home/macrodrigues/code/macrodrigues/my_projects/butterfly_detector/app/.buildozer/android/platform/build-armeabi-v7a/build/python-installs/butterflypack/include/python3.8 conftest.c >&5
configure:7926: $? = 0
configure:7926: result: yes
configure:7940: checking for dlfcn.h
configure:7940: /home/macrodrigues/.buildozer/android/platform/android-ndk-r19c/toolchains/llvm/prebuilt/linux-x86_64/bin/clang -target armv7a-linux-androideabi21 -fomit-frame-pointer -march=armv7-a -mfloat-abi=softfp -mfpu=vfp -mthumb -fPIC -c -target armv7a-linux-androideabi21 -fomit-frame-pointer -march=armv7-a -mfloat-abi=softfp -mfpu=vfp -mthumb -fPIC -DANDROID -D__ANDROID_API__=21 -I/home/macrodrigues/.buildozer/android/platform/android-ndk-r19c/sysroot/usr/include/arm-linux-androideabi -I/home/macrodrigues/code/macrodrigues/my_projects/butterfly_detector/app/.buildozer/android/platform/build-armeabi-v7a/build/python-installs/butterflypack/include/python3.8 conftest.c >&5
configure:7940: $? = 0
configure:7940: result: yes
configure:8494: checking for objdir
configure:8509: result: .libs
configure:8773: checking if /home/macrodrigues/.buildozer/android/platform/android-ndk-r19c/toolchains/llvm/prebuilt/linux-x86_64/bin/clang -target armv7a-linux-androideabi21 -fomit-frame-pointer -march=armv7-a -mfloat-abi=softfp -mfpu=vfp -mthumb -fPIC supports -fno-rtti -fno-exceptions
configure:8791: /home/macrodrigues/.buildozer/android/platform/android-ndk-r19c/toolchains/llvm/prebuilt/linux-x86_64/bin/clang -target armv7a-linux-androideabi21 -fomit-frame-pointer -march=armv7-a -mfloat-abi=softfp -mfpu=vfp -mthumb -fPIC -c -target armv7a-linux-androideabi21 -fomit-frame-pointer -march=armv7-a -mfloat-abi=softfp -mfpu=vfp -mthumb -fPIC -DANDROID -D__ANDROID_API__=21 -I/home/macrodrigues/.buildozer/android/platform/android-ndk-r19c/sysroot/usr/include/arm-linux-androideabi -I/home/macrodrigues/code/macrodrigues/my_projects/butterfly_detector/app/.buildozer/android/platform/build-armeabi-v7a/build/python-installs/butterflypack/include/python3.8 -fno-rtti -fno-exceptions conftest.c >&5
configure:8795: $? = 0
configure:8808: result: yes
configure:9166: checking for /home/macrodrigues/.buildozer/android/platform/android-ndk-r19c/toolchains/llvm/prebuilt/linux-x86_64/bin/clang -target armv7a-linux-androideabi21 -fomit-frame-pointer -march=armv7-a -mfloat-abi=softfp -mfpu=vfp -mthumb -fPIC option to produce PIC
configure:9173: result: -fPIC -DPIC
configure:9181: checking if /home/macrodrigues/.buildozer/android/platform/android-ndk-r19c/toolchains/llvm/prebuilt/linux-x86_64/bin/clang -target armv7a-linux-androideabi21 -fomit-frame-pointer -march=armv7-a -mfloat-abi=softfp -mfpu=vfp -mthumb -fPIC PIC flag -fPIC -DPIC works
configure:9199: /home/macrodrigues/.buildozer/android/platform/android-ndk-r19c/toolchains/llvm/prebuilt/linux-x86_64/bin/clang -target armv7a-linux-androideabi21 -fomit-frame-pointer -march=armv7-a -mfloat-abi=softfp -mfpu=vfp -mthumb -fPIC -c -target armv7a-linux-androideabi21 -fomit-frame-pointer -march=armv7-a -mfloat-abi=softfp -mfpu=vfp -mthumb -fPIC -DANDROID -D__ANDROID_API__=21 -I/home/macrodrigues/.buildozer/android/platform/android-ndk-r19c/sysroot/usr/include/arm-linux-androideabi -I/home/macrodrigues/code/macrodrigues/my_projects/butterfly_detector/app/.buildozer/android/platform/build-armeabi-v7a/build/python-installs/butterflypack/include/python3.8 -fPIC -DPIC -DPIC conftest.c >&5
configure:9203: $? = 0
configure:9216: result: yes
configure:9245: checking if /home/macrodrigues/.buildozer/android/platform/android-ndk-r19c/toolchains/llvm/prebuilt/linux-x86_64/bin/clang -target armv7a-linux-androideabi21 -fomit-frame-pointer -march=armv7-a -mfloat-abi=softfp -mfpu=vfp -mthumb -fPIC static flag -static works
configure:9273: result: yes
configure:9288: checking if /home/macrodrigues/.buildozer/android/platform/android-ndk-r19c/toolchains/llvm/prebuilt/linux-x86_64/bin/clang -target armv7a-linux-androideabi21 -fomit-frame-pointer -march=armv7-a -mfloat-abi=softfp -mfpu=vfp -mthumb -fPIC supports -c -o file.o
configure:9309: /home/macrodrigues/.buildozer/android/platform/android-ndk-r19c/toolchains/llvm/prebuilt/linux-x86_64/bin/clang -target armv7a-linux-androideabi21 -fomit-frame-pointer -march=armv7-a -mfloat-abi=softfp -mfpu=vfp -mthumb -fPIC -c -target armv7a-linux-androideabi21 -fomit-frame-pointer -march=armv7-a -mfloat-abi=softfp -mfpu=vfp -mthumb -fPIC -DANDROID -D__ANDROID_API__=21 -I/home/macrodrigues/.buildozer/android/platform/android-ndk-r19c/sysroot/usr/include/arm-linux-androideabi -I/home/macrodrigues/code/macrodrigues/my_projects/butterfly_detector/app/.buildozer/android/platform/build-armeabi-v7a/build/python-installs/butterflypack/include/python3.8 -o out/conftest2.o conftest.c >&5
configure:9313: $? = 0
configure:9335: result: yes
configure:9343: checking if /home/macrodrigues/.buildozer/android/platform/android-ndk-r19c/toolchains/llvm/prebuilt/linux-x86_64/bin/clang -target armv7a-linux-androideabi21 -fomit-frame-pointer -march=armv7-a -mfloat-abi=softfp -mfpu=vfp -mthumb -fPIC supports -c -o file.o
configure:9390: result: yes
configure:9423: checking whether the /home/macrodrigues/.buildozer/android/platform/android-ndk-r19c/toolchains/llvm/prebuilt/linux-x86_64/bin/clang -target armv7a-linux-androideabi21 -fomit-frame-pointer -march=armv7-a -mfloat-abi=softfp -mfpu=vfp -mthumb -fPIC linker (arm-linux-androideabi-ld) supports shared libraries
configure:10682: result: yes
configure:10719: checking whether -lc should be explicitly linked in
configure:10727: /home/macrodrigues/.buildozer/android/platform/android-ndk-r19c/toolchains/llvm/prebuilt/linux-x86_64/bin/clang -target armv7a-linux-androideabi21 -fomit-frame-pointer -march=armv7-a -mfloat-abi=softfp -mfpu=vfp -mthumb -fPIC -c -target armv7a-linux-androideabi21 -fomit-frame-pointer -march=armv7-a -mfloat-abi=softfp -mfpu=vfp -mthumb -fPIC -DANDROID -D__ANDROID_API__=21 -I/home/macrodrigues/.buildozer/android/platform/android-ndk-r19c/sysroot/usr/include/arm-linux-androideabi -I/home/macrodrigues/code/macrodrigues/my_projects/butterfly_detector/app/.buildozer/android/platform/build-armeabi-v7a/build/python-installs/butterflypack/include/python3.8 conftest.c >&5
configure:10730: $? = 0
configure:10745: /home/macrodrigues/.buildozer/android/platform/android-ndk-r19c/toolchains/llvm/prebuilt/linux-x86_64/bin/clang -target armv7a-linux-androideabi21 -fomit-frame-pointer -march=armv7-a -mfloat-abi=softfp -mfpu=vfp -mthumb -fPIC -shared  -fPIC -DPIC conftest.o  -v -Wl,-soname -Wl,conftest -o conftest 2\>\&1 \| /usr/bin/grep  -lc  \>/dev/null 2\>\&1
configure:10748: $? = 0
configure:10762: result: no
configure:10922: checking dynamic linker characteristics
configure:11740: result: Android linker
configure:11862: checking how to hardcode library paths into programs
configure:11887: result: immediate
configure:12435: checking whether stripping libraries is possible
configure:12440: result: yes
configure:12475: checking if libtool supports shared libraries
configure:12477: result: yes
configure:12480: checking whether to build shared libraries
configure:12505: result: yes
configure:12508: checking whether to build static libraries
configure:12512: result: no
configure:9345: checking that AWK works
configure:9351: result: ok
configure:9402: checking if we need to force back C standard to C89
configure:9418: /home/macrodrigues/.buildozer/android/platform/android-ndk-r19c/toolchains/llvm/prebuilt/linux-x86_64/bin/clang -target armv7a-linux-androideabi21 -fomit-frame-pointer -march=armv7-a -mfloat-abi=softfp -mfpu=vfp -mthumb -fPIC -c -target armv7a-linux-androideabi21 -fomit-frame-pointer -march=armv7-a -mfloat-abi=softfp -mfpu=vfp -mthumb -fPIC -DANDROID -D__ANDROID_API__=21 -I/home/macrodrigues/.buildozer/android/platform/android-ndk-r19c/sysroot/usr/include/arm-linux-androideabi -I/home/macrodrigues/code/macrodrigues/my_projects/butterfly_detector/app/.buildozer/android/platform/build-armeabi-v7a/build/python-installs/butterflypack/include/python3.8 conftest.c >&5
configure:9418: $? = 0
configure:9419: result: no
configure:9434: checking for ANSI C header files
configure:9538: result: yes
configure:9548: checking for an ANSI C-conforming const
configure:9614: /home/macrodrigues/.buildozer/android/platform/android-ndk-r19c/toolchains/llvm/prebuilt/linux-x86_64/bin/clang -target armv7a-linux-androideabi21 -fomit-frame-pointer -march=armv7-a -mfloat-abi=softfp -mfpu=vfp -mthumb -fPIC -c -target armv7a-linux-androideabi21 -fomit-frame-pointer -march=armv7-a -mfloat-abi=softfp -mfpu=vfp -mthumb -fPIC -DANDROID -D__ANDROID_API__=21 -I/home/macrodrigues/.buildozer/android/platform/android-ndk-r19c/sysroot/usr/include/arm-linux-androideabi -I/home/macrodrigues/code/macrodrigues/my_projects/butterfly_detector/app/.buildozer/android/platform/build-armeabi-v7a/build/python-installs/butterflypack/include/python3.8 conftest.c >&5
configure:9614: $? = 0
configure:9621: result: yes
configure:9629: checking for size_t
configure:9629: /home/macrodrigues/.buildozer/android/platform/android-ndk-r19c/toolchains/llvm/prebuilt/linux-x86_64/bin/clang -target armv7a-linux-androideabi21 -fomit-frame-pointer -march=armv7-a -mfloat-abi=softfp -mfpu=vfp -mthumb -fPIC -c -target armv7a-linux-androideabi21 -fomit-frame-pointer -march=armv7-a -mfloat-abi=softfp -mfpu=vfp -mthumb -fPIC -DANDROID -D__ANDROID_API__=21 -I/home/macrodrigues/.buildozer/android/platform/android-ndk-r19c/sysroot/usr/include/arm-linux-androideabi -I/home/macrodrigues/code/macrodrigues/my_projects/butterfly_detector/app/.buildozer/android/platform/build-armeabi-v7a/build/python-installs/butterflypack/include/python3.8 conftest.c >&5
configure:9629: $? = 0
configure:9629: /home/macrodrigues/.buildozer/android/platform/android-ndk-r19c/toolchains/llvm/prebuilt/linux-x86_64/bin/clang -target armv7a-linux-androideabi21 -fomit-frame-pointer -march=armv7-a -mfloat-abi=softfp -mfpu=vfp -mthumb -fPIC -c -target armv7a-linux-androideabi21 -fomit-frame-pointer -march=armv7-a -mfloat-abi=softfp -mfpu=vfp -mthumb -fPIC -DANDROID -D__ANDROID_API__=21 -I/home/macrodrigues/.buildozer/android/platform/android-ndk-r19c/sysroot/usr/include/arm-linux-androideabi -I/home/macrodrigues/code/macrodrigues/my_projects/butterfly_detector/app/.buildozer/android/platform/build-armeabi-v7a/build/python-installs/butterflypack/include/python3.8 conftest.c >&5
conftest.c:60:21: error: expected expression
if (sizeof ((size_t)))
                    ^
1 error generated.
configure:9629: $? = 1
configure: failed program was:
| /* confdefs.h */
| #define PACKAGE_NAME "libpng"
| #define PACKAGE_TARNAME "libpng"
| #define PACKAGE_VERSION "1.6.37"
| #define PACKAGE_STRING "libpng 1.6.37"
| #define PACKAGE_BUGREPORT "png-mng-implement@lists.sourceforge.net"
| #define PACKAGE_URL ""
| #define PACKAGE "libpng"
| #define VERSION "1.6.37"
| #define STDC_HEADERS 1
| #define HAVE_SYS_TYPES_H 1
| #define HAVE_SYS_STAT_H 1
| #define HAVE_STDLIB_H 1
| #define HAVE_STRING_H 1
| #define HAVE_MEMORY_H 1
| #define HAVE_STRINGS_H 1
| #define HAVE_INTTYPES_H 1
| #define HAVE_STDINT_H 1
| #define HAVE_UNISTD_H 1
| #define HAVE_DLFCN_H 1
| #define LT_OBJDIR ".libs/"
| #define STDC_HEADERS 1
| /* end confdefs.h.  */
| #include <stdio.h>
| #ifdef HAVE_SYS_TYPES_H
| # include <sys/types.h>
| #endif
| #ifdef HAVE_SYS_STAT_H
| # include <sys/stat.h>
| #endif
| #ifdef STDC_HEADERS
| # include <stdlib.h>
| # include <stddef.h>
| #else
| # ifdef HAVE_STDLIB_H
| #  include <stdlib.h>
| # endif
| #endif
| #ifdef HAVE_STRING_H
| # if !defined STDC_HEADERS && defined HAVE_MEMORY_H
| #  include <memory.h>
| # endif
| # include <string.h>
| #endif
| #ifdef HAVE_STRINGS_H
| # include <strings.h>
| #endif
| #ifdef HAVE_INTTYPES_H
| # include <inttypes.h>
| #endif
| #ifdef HAVE_STDINT_H
| # include <stdint.h>
| #endif
| #ifdef HAVE_UNISTD_H
| # include <unistd.h>
| #endif
| int
| main ()
| {
| if (sizeof ((size_t)))
| 	    return 0;
|   ;
|   return 0;
| }
configure:9629: result: yes
configure:9640: checking whether struct tm is in sys/time.h or time.h
configure:9660: /home/macrodrigues/.buildozer/android/platform/android-ndk-r19c/toolchains/llvm/prebuilt/linux-x86_64/bin/clang -target armv7a-linux-androideabi21 -fomit-frame-pointer -march=armv7-a -mfloat-abi=softfp -mfpu=vfp -mthumb -fPIC -c -target armv7a-linux-androideabi21 -fomit-frame-pointer -march=armv7-a -mfloat-abi=softfp -mfpu=vfp -mthumb -fPIC -DANDROID -D__ANDROID_API__=21 -I/home/macrodrigues/.buildozer/android/platform/android-ndk-r19c/sysroot/usr/include/arm-linux-androideabi -I/home/macrodrigues/code/macrodrigues/my_projects/butterfly_detector/app/.buildozer/android/platform/build-armeabi-v7a/build/python-installs/butterflypack/include/python3.8 conftest.c >&5
configure:9660: $? = 0
configure:9667: result: time.h
configure:9675: checking for C/C++ restrict keyword
configure:9700: /home/macrodrigues/.buildozer/android/platform/android-ndk-r19c/toolchains/llvm/prebuilt/linux-x86_64/bin/clang -target armv7a-linux-androideabi21 -fomit-frame-pointer -march=armv7-a -mfloat-abi=softfp -mfpu=vfp -mthumb -fPIC -c -target armv7a-linux-androideabi21 -fomit-frame-pointer -march=armv7-a -mfloat-abi=softfp -mfpu=vfp -mthumb -fPIC -DANDROID -D__ANDROID_API__=21 -I/home/macrodrigues/.buildozer/android/platform/android-ndk-r19c/sysroot/usr/include/arm-linux-androideabi -I/home/macrodrigues/code/macrodrigues/my_projects/butterfly_detector/app/.buildozer/android/platform/build-armeabi-v7a/build/python-installs/butterflypack/include/python3.8 conftest.c >&5
configure:9700: $? = 0
configure:9708: result: __restrict
configure:9723: checking for working strtod
configure:9774: result: no
configure:9783: checking for pow
configure:9783: /home/macrodrigues/.buildozer/android/platform/android-ndk-r19c/toolchains/llvm/prebuilt/linux-x86_64/bin/clang -target armv7a-linux-androideabi21 -fomit-frame-pointer -march=armv7-a -mfloat-abi=softfp -mfpu=vfp -mthumb -fPIC -o conftest -target armv7a-linux-androideabi21 -fomit-frame-pointer -march=armv7-a -mfloat-abi=softfp -mfpu=vfp -mthumb -fPIC -DANDROID -D__ANDROID_API__=21 -I/home/macrodrigues/.buildozer/android/platform/android-ndk-r19c/sysroot/usr/include/arm-linux-androideabi -I/home/macrodrigues/code/macrodrigues/my_projects/butterfly_detector/app/.buildozer/android/platform/build-armeabi-v7a/build/python-installs/butterflypack/include/python3.8   -L/home/macrodrigues/code/macrodrigues/my_projects/butterfly_detector/app/.buildozer/android/platform/build-armeabi-v7a/build/libs_collections/butterflypack/armeabi-v7a conftest.c  >&5
conftest.c:48:6: warning: incompatible redeclaration of library function 'pow' [-Wincompatible-library-redeclaration]
char pow ();
     ^
conftest.c:48:6: note: 'pow' is a builtin with type 'double (double, double)'
1 warning generated.
/tmp/conftest-b61e07.o:conftest.c:function main: error: undefined reference to 'pow'
clang: error: linker command failed with exit code 1 (use -v to see invocation)
configure:9783: $? = 1
configure: failed program was:
| /* confdefs.h */
| #define PACKAGE_NAME "libpng"
| #define PACKAGE_TARNAME "libpng"
| #define PACKAGE_VERSION "1.6.37"
| #define PACKAGE_STRING "libpng 1.6.37"
| #define PACKAGE_BUGREPORT "png-mng-implement@lists.sourceforge.net"
| #define PACKAGE_URL ""
| #define PACKAGE "libpng"
| #define VERSION "1.6.37"
| #define STDC_HEADERS 1
| #define HAVE_SYS_TYPES_H 1
| #define HAVE_SYS_STAT_H 1
| #define HAVE_STDLIB_H 1
| #define HAVE_STRING_H 1
| #define HAVE_MEMORY_H 1
| #define HAVE_STRINGS_H 1
| #define HAVE_INTTYPES_H 1
| #define HAVE_STDINT_H 1
| #define HAVE_UNISTD_H 1
| #define HAVE_DLFCN_H 1
| #define LT_OBJDIR ".libs/"
| #define STDC_HEADERS 1
| #define restrict __restrict
| /* end confdefs.h.  */
| /* Define pow to an innocuous variant, in case <limits.h> declares pow.
|    For example, HP-UX 11i <limits.h> declares gettimeofday.  */
| #define pow innocuous_pow
| 
| /* System header to define __stub macros and hopefully few prototypes,
|     which can conflict with char pow (); below.
|     Prefer <limits.h> to <assert.h> if __STDC__ is defined, since
|     <limits.h> exists even on freestanding compilers.  */
| 
| #ifdef __STDC__
| # include <limits.h>
| #else
| # include <assert.h>
| #endif
| 
| #undef pow
| 
| /* Override any GCC internal prototype to avoid an error.
|    Use char because int might match the return type of a GCC
|    builtin and then its argument prototype would still apply.  */
| #ifdef __cplusplus
| extern "C"
| #endif
| char pow ();
| /* The GNU C library defines this for functions which it implements
|     to always fail with ENOSYS.  Some functions are actually named
|     something starting with __ and the normal name is an alias.  */
| #if defined __stub_pow || defined __stub___pow
| choke me
| #endif
| 
| int
| main ()
| {
| return pow ();
|   ;
|   return 0;
| }
configure:9783: result: no
configure:9789: checking for pow in -lm
configure:9814: /home/macrodrigues/.buildozer/android/platform/android-ndk-r19c/toolchains/llvm/prebuilt/linux-x86_64/bin/clang -target armv7a-linux-androideabi21 -fomit-frame-pointer -march=armv7-a -mfloat-abi=softfp -mfpu=vfp -mthumb -fPIC -o conftest -target armv7a-linux-androideabi21 -fomit-frame-pointer -march=armv7-a -mfloat-abi=softfp -mfpu=vfp -mthumb -fPIC -DANDROID -D__ANDROID_API__=21 -I/home/macrodrigues/.buildozer/android/platform/android-ndk-r19c/sysroot/usr/include/arm-linux-androideabi -I/home/macrodrigues/code/macrodrigues/my_projects/butterfly_detector/app/.buildozer/android/platform/build-armeabi-v7a/build/python-installs/butterflypack/include/python3.8   -L/home/macrodrigues/code/macrodrigues/my_projects/butterfly_detector/app/.buildozer/android/platform/build-armeabi-v7a/build/libs_collections/butterflypack/armeabi-v7a conftest.c -lm   >&5
conftest.c:32:6: warning: incompatible redeclaration of library function 'pow' [-Wincompatible-library-redeclaration]
char pow ();
     ^
conftest.c:32:6: note: 'pow' is a builtin with type 'double (double, double)'
1 warning generated.
configure:9814: $? = 0
configure:9823: result: yes
configure:9838: checking for pow
configure:9838: result: no
configure:9845: checking for pow in -lm
configure:9879: result: yes
configure:9898: checking for clock_gettime
configure:9898: /home/macrodrigues/.buildozer/android/platform/android-ndk-r19c/toolchains/llvm/prebuilt/linux-x86_64/bin/clang -target armv7a-linux-androideabi21 -fomit-frame-pointer -march=armv7-a -mfloat-abi=softfp -mfpu=vfp -mthumb -fPIC -o conftest -target armv7a-linux-androideabi21 -fomit-frame-pointer -march=armv7-a -mfloat-abi=softfp -mfpu=vfp -mthumb -fPIC -DANDROID -D__ANDROID_API__=21 -I/home/macrodrigues/.buildozer/android/platform/android-ndk-r19c/sysroot/usr/include/arm-linux-androideabi -I/home/macrodrigues/code/macrodrigues/my_projects/butterfly_detector/app/.buildozer/android/platform/build-armeabi-v7a/build/python-installs/butterflypack/include/python3.8   -L/home/macrodrigues/code/macrodrigues/my_projects/butterfly_detector/app/.buildozer/android/platform/build-armeabi-v7a/build/libs_collections/butterflypack/armeabi-v7a conftest.c -lm  >&5
configure:9898: $? = 0
configure:9898: result: yes
configure:9923: checking for zlibVersion in -lz
configure:9948: /home/macrodrigues/.buildozer/android/platform/android-ndk-r19c/toolchains/llvm/prebuilt/linux-x86_64/bin/clang -target armv7a-linux-androideabi21 -fomit-frame-pointer -march=armv7-a -mfloat-abi=softfp -mfpu=vfp -mthumb -fPIC -o conftest -target armv7a-linux-androideabi21 -fomit-frame-pointer -march=armv7-a -mfloat-abi=softfp -mfpu=vfp -mthumb -fPIC -DANDROID -D__ANDROID_API__=21 -I/home/macrodrigues/.buildozer/android/platform/android-ndk-r19c/sysroot/usr/include/arm-linux-androideabi -I/home/macrodrigues/code/macrodrigues/my_projects/butterfly_detector/app/.buildozer/android/platform/build-armeabi-v7a/build/python-installs/butterflypack/include/python3.8   -L/home/macrodrigues/code/macrodrigues/my_projects/butterfly_detector/app/.buildozer/android/platform/build-armeabi-v7a/build/libs_collections/butterflypack/armeabi-v7a conftest.c -lz  -lm  >&5
configure:9948: $? = 0
configure:9957: result: yes
configure:10022: checking for feenableexcept in -lm
configure:10047: /home/macrodrigues/.buildozer/android/platform/android-ndk-r19c/toolchains/llvm/prebuilt/linux-x86_64/bin/clang -target armv7a-linux-androideabi21 -fomit-frame-pointer -march=armv7-a -mfloat-abi=softfp -mfpu=vfp -mthumb -fPIC -o conftest -target armv7a-linux-androideabi21 -fomit-frame-pointer -march=armv7-a -mfloat-abi=softfp -mfpu=vfp -mthumb -fPIC -DANDROID -D__ANDROID_API__=21 -I/home/macrodrigues/.buildozer/android/platform/android-ndk-r19c/sysroot/usr/include/arm-linux-androideabi -I/home/macrodrigues/code/macrodrigues/my_projects/butterfly_detector/app/.buildozer/android/platform/build-armeabi-v7a/build/python-installs/butterflypack/include/python3.8   -L/home/macrodrigues/code/macrodrigues/my_projects/butterfly_detector/app/.buildozer/android/platform/build-armeabi-v7a/build/libs_collections/butterflypack/armeabi-v7a conftest.c -lm  -lz -lm  >&5
configure:10047: $? = 0
configure:10056: result: yes
configure:10069: checking for feenableexcept
configure:10069: /home/macrodrigues/.buildozer/android/platform/android-ndk-r19c/toolchains/llvm/prebuilt/linux-x86_64/bin/clang -target armv7a-linux-androideabi21 -fomit-frame-pointer -march=armv7-a -mfloat-abi=softfp -mfpu=vfp -mthumb -fPIC -o conftest -target armv7a-linux-androideabi21 -fomit-frame-pointer -march=armv7-a -mfloat-abi=softfp -mfpu=vfp -mthumb -fPIC -DANDROID -D__ANDROID_API__=21 -I/home/macrodrigues/.buildozer/android/platform/android-ndk-r19c/sysroot/usr/include/arm-linux-androideabi -I/home/macrodrigues/code/macrodrigues/my_projects/butterfly_detector/app/.buildozer/android/platform/build-armeabi-v7a/build/python-installs/butterflypack/include/python3.8   -L/home/macrodrigues/code/macrodrigues/my_projects/butterfly_detector/app/.buildozer/android/platform/build-armeabi-v7a/build/libs_collections/butterflypack/armeabi-v7a conftest.c -lm -lz -lm  >&5
configure:10069: $? = 0
configure:10069: result: yes
configure:10079: checking if using Solaris linker
configure:10088: result: no
configure:10100: checking if libraries can be versioned
configure:10121: result: yes
configure:10143: checking for symbol prefix
configure:10150: result: 
configure:10172: pkgconfig directory is ${libdir}/pkgconfig
configure:10533: Extra options for compiler: 
configure:10643: checking that generated files are newer than configure
configure:10649: result: done
configure:10724: creating ./config.status

## ---------------------- ##
## Running config.status. ##
## ---------------------- ##

This file was extended by libpng config.status 1.6.37, which was
generated by GNU Autoconf 2.69.  Invocation command line was

  CONFIG_FILES    = 
  CONFIG_HEADERS  = 
  CONFIG_LINKS    = 
  CONFIG_COMMANDS = 
  $ ./config.status 

on Marco

config.status:1144: creating Makefile
config.status:1144: creating libpng.pc
config.status:1144: creating libpng-config
config.status:1144: creating config.h
config.status:1373: executing depfiles commands
config.status:1450: cd .       && sed -e '/# am--include-marker/d' Makefile         | make -j4 -f - am--depfiles
config.status:1455: $? = 0
config.status:1373: executing libtool commands

## ---------------- ##
## Cache variables. ##
## ---------------- ##

ac_cv_build=x86_64-pc-linux-gnu
ac_cv_c_compiler_gnu=yes
ac_cv_c_const=yes
ac_cv_c_restrict=__restrict
ac_cv_env_CCASFLAGS_set=
ac_cv_env_CCASFLAGS_value=
ac_cv_env_CCAS_set=
ac_cv_env_CCAS_value=
ac_cv_env_CC_set=set
ac_cv_env_CC_value='/home/macrodrigues/.buildozer/android/platform/android-ndk-r19c/toolchains/llvm/prebuilt/linux-x86_64/bin/clang -target armv7a-linux-androideabi21 -fomit-frame-pointer -march=armv7-a -mfloat-abi=softfp -mfpu=vfp -mthumb -fPIC'
ac_cv_env_CFLAGS_set=set
ac_cv_env_CFLAGS_value='-target armv7a-linux-androideabi21 -fomit-frame-pointer -march=armv7-a -mfloat-abi=softfp -mfpu=vfp -mthumb -fPIC'
ac_cv_env_CPPFLAGS_set=set
ac_cv_env_CPPFLAGS_value='-DANDROID -D__ANDROID_API__=21 -I/home/macrodrigues/.buildozer/android/platform/android-ndk-r19c/sysroot/usr/include/arm-linux-androideabi -I/home/macrodrigues/code/macrodrigues/my_projects/butterfly_detector/app/.buildozer/android/platform/build-armeabi-v7a/build/python-installs/butterflypack/include/python3.8'
ac_cv_env_CPP_set=
ac_cv_env_CPP_value=
ac_cv_env_LDFLAGS_set=set
ac_cv_env_LDFLAGS_value='  -L/home/macrodrigues/code/macrodrigues/my_projects/butterfly_detector/app/.buildozer/android/platform/build-armeabi-v7a/build/libs_collections/butterflypack/armeabi-v7a'
ac_cv_env_LIBS_set=
ac_cv_env_LIBS_value=
ac_cv_env_LT_SYS_LIBRARY_PATH_set=
ac_cv_env_LT_SYS_LIBRARY_PATH_value=
ac_cv_env_PNG_COPTS_set=
ac_cv_env_PNG_COPTS_value=
ac_cv_env_build_alias_set=set
ac_cv_env_build_alias_value=x86_64-linux-gnu
ac_cv_env_host_alias_set=set
ac_cv_env_host_alias_value=arm-linux-androideabi
ac_cv_env_target_alias_set=set
ac_cv_env_target_alias_value=arm-linux-androideabi
ac_cv_func_clock_gettime=yes
ac_cv_func_feenableexcept=yes
ac_cv_func_pow=no
ac_cv_func_strtod=no
ac_cv_header_dlfcn_h=yes
ac_cv_header_inttypes_h=yes
ac_cv_header_memory_h=yes
ac_cv_header_stdc=yes
ac_cv_header_stdint_h=yes
ac_cv_header_stdlib_h=yes
ac_cv_header_string_h=yes
ac_cv_header_strings_h=yes
ac_cv_header_sys_stat_h=yes
ac_cv_header_sys_types_h=yes
ac_cv_header_unistd_h=yes
ac_cv_host=arm-unknown-linux-androideabi
ac_cv_lib_m_feenableexcept=yes
ac_cv_lib_m_pow=yes
ac_cv_lib_z_zlibVersion=yes
ac_cv_objext=o
ac_cv_path_EGREP='/usr/bin/grep -E'
ac_cv_path_FGREP='/usr/bin/grep -F'
ac_cv_path_GREP=/usr/bin/grep
ac_cv_path_SED=/usr/bin/sed
ac_cv_path_install='/usr/bin/install -c'
ac_cv_path_lt_DD=/usr/bin/dd
ac_cv_path_mkdir=/usr/bin/mkdir
ac_cv_prog_AR=arm-linux-androideabi-ar
ac_cv_prog_AWK=gawk
ac_cv_prog_CC='/home/macrodrigues/.buildozer/android/platform/android-ndk-r19c/toolchains/llvm/prebuilt/linux-x86_64/bin/clang -target armv7a-linux-androideabi21 -fomit-frame-pointer -march=armv7-a -mfloat-abi=softfp -mfpu=vfp -mthumb -fPIC'
ac_cv_prog_CPP='/home/macrodrigues/.buildozer/android/platform/android-ndk-r19c/toolchains/llvm/prebuilt/linux-x86_64/bin/clang -target armv7a-linux-androideabi21 -fomit-frame-pointer -march=armv7-a -mfloat-abi=softfp -mfpu=vfp -mthumb -fPIC -E'
ac_cv_prog_OBJDUMP=arm-linux-androideabi-objdump
ac_cv_prog_RANLIB=arm-linux-androideabi-ranlib
ac_cv_prog_STRIP='arm-linux-androideabi-strip --strip-unneeded'
ac_cv_prog_ac_ct_MANIFEST_TOOL=mt
ac_cv_prog_cc_c89=
ac_cv_prog_cc_g=yes
ac_cv_prog_make_make_set=yes
ac_cv_struct_tm=time.h
ac_cv_type_size_t=yes
am_cv_CCAS_dependencies_compiler_type=gcc3
am_cv_CC_dependencies_compiler_type=gcc3
am_cv_make_support_nested_variables=yes
am_cv_prog_cc_c_o=yes
lt_cv_ar_at_file=@
lt_cv_archive_cmds_need_lc=no
lt_cv_deplibs_check_method=pass_all
lt_cv_file_magic_cmd='$MAGIC_CMD'
lt_cv_file_magic_test_file=
lt_cv_ld_reload_flag=-r
lt_cv_nm_interface='BSD nm'
lt_cv_objdir=.libs
lt_cv_path_LD=arm-linux-androideabi-ld
lt_cv_path_NM=arm-linux-androideabi-nm
lt_cv_path_mainfest_tool=no
lt_cv_prog_compiler_c_o=yes
lt_cv_prog_compiler_pic='-fPIC -DPIC'
lt_cv_prog_compiler_pic_works=yes
lt_cv_prog_compiler_rtti_exceptions=yes
lt_cv_prog_compiler_static_works=yes
lt_cv_prog_gnu_ld=yes
lt_cv_sharedlib_from_linklib_cmd='printf %s\n'
lt_cv_sys_global_symbol_pipe='sed -n -e '\''s/^.*[	 ]\([ABCDGIRSTW][ABCDGIRSTW]*\)[	 ][	 ]*\([_A-Za-z][_A-Za-z0-9]*\)$/\1 \2 \2/p'\'' | sed '\''/ __gnu_lto/d'\'''
lt_cv_sys_global_symbol_to_c_name_address='sed -n -e '\''s/^: \(.*\) .*$/  {"\1", (void *) 0},/p'\'' -e '\''s/^[ABCDGIRSTW][ABCDGIRSTW]* .* \(.*\)$/  {"\1", (void *) \&\1},/p'\'''
lt_cv_sys_global_symbol_to_c_name_address_lib_prefix='sed -n -e '\''s/^: \(.*\) .*$/  {"\1", (void *) 0},/p'\'' -e '\''s/^[ABCDGIRSTW][ABCDGIRSTW]* .* \(lib.*\)$/  {"\1", (void *) \&\1},/p'\'' -e '\''s/^[ABCDGIRSTW][ABCDGIRSTW]* .* \(.*\)$/  {"lib\1", (void *) \&\1},/p'\'''
lt_cv_sys_global_symbol_to_cdecl='sed -n -e '\''s/^T .* \(.*\)$/extern int \1();/p'\'' -e '\''s/^[ABCDGIRSTW][ABCDGIRSTW]* .* \(.*\)$/extern char \1;/p'\'''
lt_cv_sys_global_symbol_to_import=
lt_cv_sys_max_cmd_len=1572864
lt_cv_to_host_file_cmd=func_convert_file_noop
lt_cv_to_tool_file_cmd=func_convert_file_noop
lt_cv_truncate_bin='/usr/bin/dd bs=4096 count=1'

## ----------------- ##
## Output variables. ##
## ----------------- ##

ACLOCAL='${SHELL} /home/macrodrigues/code/macrodrigues/my_projects/butterfly_detector/app/.buildozer/android/platform/build-armeabi-v7a/build/other_builds/png/armeabi-v7a__ndk_target_21/png/missing aclocal-1.16'
AMDEPBACKSLASH='\'
AMDEP_FALSE='#'
AMDEP_TRUE=''
AMTAR='$${TAR-tar}'
AM_BACKSLASH='\'
AM_DEFAULT_V='$(AM_DEFAULT_VERBOSITY)'
AM_DEFAULT_VERBOSITY='1'
AM_V='$(V)'
AR='arm-linux-androideabi-ar'
AS='as'
AUTOCONF='${SHELL} /home/macrodrigues/code/macrodrigues/my_projects/butterfly_detector/app/.buildozer/android/platform/build-armeabi-v7a/build/other_builds/png/armeabi-v7a__ndk_target_21/png/missing autoconf'
AUTOHEADER='${SHELL} /home/macrodrigues/code/macrodrigues/my_projects/butterfly_detector/app/.buildozer/android/platform/build-armeabi-v7a/build/other_builds/png/armeabi-v7a__ndk_target_21/png/missing autoheader'
AUTOMAKE='${SHELL} /home/macrodrigues/code/macrodrigues/my_projects/butterfly_detector/app/.buildozer/android/platform/build-armeabi-v7a/build/other_builds/png/armeabi-v7a__ndk_target_21/png/missing automake-1.16'
AWK='gawk'
CC='/home/macrodrigues/.buildozer/android/platform/android-ndk-r19c/toolchains/llvm/prebuilt/linux-x86_64/bin/clang -target armv7a-linux-androideabi21 -fomit-frame-pointer -march=armv7-a -mfloat-abi=softfp -mfpu=vfp -mthumb -fPIC'
CCAS='/home/macrodrigues/.buildozer/android/platform/android-ndk-r19c/toolchains/llvm/prebuilt/linux-x86_64/bin/clang -target armv7a-linux-androideabi21 -fomit-frame-pointer -march=armv7-a -mfloat-abi=softfp -mfpu=vfp -mthumb -fPIC'
CCASDEPMODE='depmode=gcc3'
CCASFLAGS='-target armv7a-linux-androideabi21 -fomit-frame-pointer -march=armv7-a -mfloat-abi=softfp -mfpu=vfp -mthumb -fPIC'
CCDEPMODE='depmode=gcc3'
CFLAGS='-target armv7a-linux-androideabi21 -fomit-frame-pointer -march=armv7-a -mfloat-abi=softfp -mfpu=vfp -mthumb -fPIC'
CPP='/home/macrodrigues/.buildozer/android/platform/android-ndk-r19c/toolchains/llvm/prebuilt/linux-x86_64/bin/clang -target armv7a-linux-androideabi21 -fomit-frame-pointer -march=armv7-a -mfloat-abi=softfp -mfpu=vfp -mthumb -fPIC -E'
CPPFLAGS='-DANDROID -D__ANDROID_API__=21 -I/home/macrodrigues/.buildozer/android/platform/android-ndk-r19c/sysroot/usr/include/arm-linux-androideabi -I/home/macrodrigues/code/macrodrigues/my_projects/butterfly_detector/app/.buildozer/android/platform/build-armeabi-v7a/build/python-installs/butterflypack/include/python3.8'
CYGPATH_W='echo'
DEFS='-DHAVE_CONFIG_H'
DEPDIR='.deps'
DFNCPP='/home/macrodrigues/.buildozer/android/platform/android-ndk-r19c/toolchains/llvm/prebuilt/linux-x86_64/bin/clang -target armv7a-linux-androideabi21 -fomit-frame-pointer -march=armv7-a -mfloat-abi=softfp -mfpu=vfp -mthumb -fPIC -E'
DLLTOOL='false'
DO_INSTALL_LIBPNG_CONFIG_FALSE='#'
DO_INSTALL_LIBPNG_CONFIG_TRUE=''
DO_INSTALL_LIBPNG_PC_FALSE='#'
DO_INSTALL_LIBPNG_PC_TRUE=''
DO_INSTALL_LINKS_FALSE='#'
DO_INSTALL_LINKS_TRUE=''
DO_PNG_PREFIX_FALSE=''
DO_PNG_PREFIX_TRUE='#'
DSYMUTIL=''
DUMPBIN=''
ECHO_C=''
ECHO_N='-n'
ECHO_T=''
EGREP='/usr/bin/grep -E'
EXEEXT=''
FGREP='/usr/bin/grep -F'
GREP='/usr/bin/grep'
HAVE_CLOCK_GETTIME_FALSE='#'
HAVE_CLOCK_GETTIME_TRUE=''
HAVE_LD_VERSION_SCRIPT_FALSE='#'
HAVE_LD_VERSION_SCRIPT_TRUE=''
HAVE_SOLARIS_LD_FALSE=''
HAVE_SOLARIS_LD_TRUE='#'
INSTALL_DATA='${INSTALL} -m 644'
INSTALL_PROGRAM='${INSTALL}'
INSTALL_SCRIPT='${INSTALL}'
INSTALL_STRIP_PROGRAM='$(install_sh) -c -s'
LD='arm-linux-androideabi-ld'
LDFLAGS='  -L/home/macrodrigues/code/macrodrigues/my_projects/butterfly_detector/app/.buildozer/android/platform/build-armeabi-v7a/build/libs_collections/butterflypack/armeabi-v7a'
LIBOBJS=' ${LIBOBJDIR}strtod$U.o'
LIBS='-lm -lz -lm '
LIBTOOL='$(SHELL) $(top_builddir)/libtool'
LIPO=''
LN_S='ln -s'
LTLIBOBJS=' ${LIBOBJDIR}strtod$U.lo'
LT_SYS_LIBRARY_PATH=''
MAINT='#'
MAINTAINER_MODE_FALSE=''
MAINTAINER_MODE_TRUE='#'
MAKEINFO='${SHELL} /home/macrodrigues/code/macrodrigues/my_projects/butterfly_detector/app/.buildozer/android/platform/build-armeabi-v7a/build/other_builds/png/armeabi-v7a__ndk_target_21/png/missing makeinfo'
MANIFEST_TOOL=':'
MKDIR_P='/usr/bin/mkdir -p'
NM='arm-linux-androideabi-nm'
NMEDIT=''
OBJDUMP='arm-linux-androideabi-objdump'
OBJEXT='o'
OTOOL64=''
OTOOL=''
PACKAGE='libpng'
PACKAGE_BUGREPORT='png-mng-implement@lists.sourceforge.net'
PACKAGE_NAME='libpng'
PACKAGE_STRING='libpng 1.6.37'
PACKAGE_TARNAME='libpng'
PACKAGE_URL=''
PACKAGE_VERSION='1.6.37'
PATH_SEPARATOR=':'
PNGLIB_MAJOR='1'
PNGLIB_MINOR='6'
PNGLIB_RELEASE='37'
PNGLIB_VERSION='1.6.37'
PNG_ARM_NEON_FALSE='#'
PNG_ARM_NEON_TRUE=''
PNG_COPTS=''
PNG_INTEL_SSE_FALSE=''
PNG_INTEL_SSE_TRUE='#'
PNG_MIPS_MSA_FALSE='#'
PNG_MIPS_MSA_TRUE=''
PNG_POWERPC_VSX_FALSE='#'
PNG_POWERPC_VSX_TRUE=''
PNG_PREFIX=''
POW_LIB='-lm'
RANLIB='arm-linux-androideabi-ranlib'
SED='/usr/bin/sed'
SET_MAKE=''
SHELL='/bin/bash'
STRIP='arm-linux-androideabi-strip --strip-unneeded'
SYMBOL_PREFIX=''
VERSION='1.6.37'
ac_ct_AR=''
ac_ct_CC=''
ac_ct_DUMPBIN=''
am__EXEEXT_FALSE=''
am__EXEEXT_TRUE='#'
am__fastdepCCAS_FALSE='#'
am__fastdepCCAS_TRUE=''
am__fastdepCC_FALSE='#'
am__fastdepCC_TRUE=''
am__include='include'
am__isrc=''
am__leading_dot='.'
am__nodep='_no'
am__quote=''
am__tar='$${TAR-tar} chof - "$$tardir"'
am__untar='$${TAR-tar} xf -'
binconfigs='${binconfigs}'
bindir='${exec_prefix}/bin'
build='x86_64-pc-linux-gnu'
build_alias='x86_64-linux-gnu'
build_cpu='x86_64'
build_os='linux-gnu'
build_vendor='pc'
datadir='${datarootdir}'
datarootdir='${prefix}/share'
docdir='${datarootdir}/doc/${PACKAGE_TARNAME}'
dvidir='${docdir}'
exec_prefix='${prefix}'
host='arm-unknown-linux-androideabi'
host_alias='arm-linux-androideabi'
host_cpu='arm'
host_os='linux-androideabi'
host_vendor='unknown'
htmldir='${docdir}'
includedir='${prefix}/include'
infodir='${datarootdir}/info'
install_sh='${SHELL} /home/macrodrigues/code/macrodrigues/my_projects/butterfly_detector/app/.buildozer/android/platform/build-armeabi-v7a/build/other_builds/png/armeabi-v7a__ndk_target_21/png/install-sh'
libdir='${exec_prefix}/lib'
libexecdir='${exec_prefix}/libexec'
localedir='${datarootdir}/locale'
localstatedir='${prefix}/var'
mandir='${datarootdir}/man'
mkdir_p='$(MKDIR_P)'
oldincludedir='/usr/include'
pdfdir='${docdir}'
pkgconfigdir='${libdir}/pkgconfig'
prefix='/home/macrodrigues/code/macrodrigues/my_projects/butterfly_detector/app/.buildozer/android/platform/build-armeabi-v7a/build/other_builds/png/armeabi-v7a__ndk_target_21/png/install'
program_transform_name='s,x,x,'
psdir='${docdir}'
sbindir='${exec_prefix}/sbin'
sharedstatedir='${prefix}/com'
sysconfdir='${prefix}/etc'
target_alias='arm-linux-androideabi'

## ----------- ##
## confdefs.h. ##
## ----------- ##

/* confdefs.h */
#define PACKAGE_NAME "libpng"
#define PACKAGE_TARNAME "libpng"
#define PACKAGE_VERSION "1.6.37"
#define PACKAGE_STRING "libpng 1.6.37"
#define PACKAGE_BUGREPORT "png-mng-implement@lists.sourceforge.net"
#define PACKAGE_URL ""
#define PACKAGE "libpng"
#define VERSION "1.6.37"
#define STDC_HEADERS 1
#define HAVE_SYS_TYPES_H 1
#define HAVE_SYS_STAT_H 1
#define HAVE_STDLIB_H 1
#define HAVE_STRING_H 1
#define HAVE_MEMORY_H 1
#define HAVE_STRINGS_H 1
#define HAVE_INTTYPES_H 1
#define HAVE_STDINT_H 1
#define HAVE_UNISTD_H 1
#define HAVE_DLFCN_H 1
#define LT_OBJDIR ".libs/"
#define STDC_HEADERS 1
#define restrict __restrict
#define HAVE_LIBM 1
#define HAVE_LIBZ 1
#define HAVE_LIBM 1
#define HAVE_FEENABLEEXCEPT 1

configure: exit 0
